# JRE version: OpenJDK Runtime Environment (17.0.10) (build 17.0.10+0--11572160)
# Java VM: OpenJDK 64-Bit Server VM (17.0.10+0--11572160, mixed mode, tiered, compressed oops, compressed class ptrs, g1 gc, windows-amd64)
GC Precious Log:
 CPUs: 8 total, 8 available
 Memory: 5877M
 Large Page Support: Disabled
 NUMA Support: Disabled
 Compressed Oops: Enabled (32-bit)
 Heap Region Size: 1M
 Heap Min Capacity: 8M
 Heap Initial Capacity: 92M
 Heap Max Capacity: 2G
 Pre-touch: Disabled
 Parallel Workers: 8
 Concurrent Workers: 2
 Concurrent Refinement Workers: 8
 Periodic GC: Disabled
Heap:
 garbage-first heap   total 187392K, used 164963K [0x0000000080000000, 0x0000000100000000)
  region size 1024K, 3 young (3072K), 1 survivors (1024K)
 Metaspace       used 116091K, committed 116992K, reserved 1179648K
  class space    used 15563K, committed 16000K, reserved 1048576K
GC Heap History (20 events):
Event: 806.599 GC heap before
{Heap before GC invocations=72 (full 0):
 garbage-first heap   total 187392K, used 159955K [0x0000000080000000, 0x0000000100000000)
  region size 1024K, 23 young (23552K), 3 survivors (3072K)
 Metaspace       used 112574K, committed 113408K, reserved 1179648K
  class space    used 15116K, committed 15552K, reserved 1048576K
}
Event: 806.663 GC heap after
{Heap after GC invocations=73 (full 0):
 garbage-first heap   total 187392K, used 141966K [0x0000000080000000, 0x0000000100000000)
  region size 1024K, 3 young (3072K), 3 survivors (3072K)
 Metaspace       used 112574K, committed 113408K, reserved 1179648K
  class space    used 15116K, committed 15552K, reserved 1048576K
}
Event: 812.287 GC heap before
{Heap before GC invocations=73 (full 0):
 garbage-first heap   total 187392K, used 160398K [0x0000000080000000, 0x0000000100000000)
  region size 1024K, 21 young (21504K), 3 survivors (3072K)
 Metaspace       used 112727K, committed 113664K, reserved 1179648K
  class space    used 15120K, committed 15552K, reserved 1048576K
}
Event: 812.323 GC heap after
{Heap after GC invocations=74 (full 0):
 garbage-first heap   total 187392K, used 145346K [0x0000000080000000, 0x0000000100000000)
  region size 1024K, 3 young (3072K), 3 survivors (3072K)
 Metaspace       used 112727K, committed 113664K, reserved 1179648K
  class space    used 15120K, committed 15552K, reserved 1048576K
}
Event: 814.292 GC heap before
{Heap before GC invocations=74 (full 0):
 garbage-first heap   total 187392K, used 160706K [0x0000000080000000, 0x0000000100000000)
  region size 1024K, 18 young (18432K), 3 survivors (3072K)
 Metaspace       used 112792K, committed 113664K, reserved 1179648K
  class space    used 15120K, committed 15552K, reserved 1048576K
}
Event: 814.311 GC heap after
{Heap after GC invocations=75 (full 0):
 garbage-first heap   total 187392K, used 147362K [0x0000000080000000, 0x0000000100000000)
  region size 1024K, 2 young (2048K), 2 survivors (2048K)
 Metaspace       used 112792K, committed 113664K, reserved 1179648K
  class space    used 15120K, committed 15552K, reserved 1048576K
}
Event: 815.823 GC heap before
{Heap before GC invocations=75 (full 0):
 garbage-first heap   total 187392K, used 159650K [0x0000000080000000, 0x0000000100000000)
  region size 1024K, 15 young (15360K), 2 survivors (2048K)
 Metaspace       used 112869K, committed 113728K, reserved 1179648K
  class space    used 15125K, committed 15552K, reserved 1048576K
}
Event: 815.837 GC heap after
{Heap after GC invocations=76 (full 0):
 garbage-first heap   total 187392K, used 148669K [0x0000000080000000, 0x0000000100000000)
  region size 1024K, 2 young (2048K), 2 survivors (2048K)
 Metaspace       used 112869K, committed 113728K, reserved 1179648K
  class space    used 15125K, committed 15552K, reserved 1048576K
}
Event: 826.133 GC heap before
{Heap before GC invocations=76 (full 0):
 garbage-first heap   total 187392K, used 159933K [0x0000000080000000, 0x0000000100000000)
  region size 1024K, 14 young (14336K), 2 survivors (2048K)
 Metaspace       used 113259K, committed 114176K, reserved 1179648K
  class space    used 15181K, committed 15616K, reserved 1048576K
}
Event: 826.183 GC heap after
{Heap after GC invocations=77 (full 0):
 garbage-first heap   total 187392K, used 150184K [0x0000000080000000, 0x0000000100000000)
  region size 1024K, 2 young (2048K), 2 survivors (2048K)
 Metaspace       used 113259K, committed 114176K, reserved 1179648K
  class space    used 15181K, committed 15616K, reserved 1048576K
}
Event: 840.634 GC heap before
{Heap before GC invocations=77 (full 0):
 garbage-first heap   total 187392K, used 162472K [0x0000000080000000, 0x0000000100000000)
  region size 1024K, 14 young (14336K), 2 survivors (2048K)
 Metaspace       used 113943K, committed 114880K, reserved 1179648K
  class space    used 15273K, committed 15744K, reserved 1048576K
}
Event: 840.694 GC heap after
{Heap after GC invocations=78 (full 0):
 garbage-first heap   total 187392K, used 151837K [0x0000000080000000, 0x0000000100000000)
  region size 1024K, 2 young (2048K), 2 survivors (2048K)
 Metaspace       used 113943K, committed 114880K, reserved 1179648K
  class space    used 15273K, committed 15744K, reserved 1048576K
}
Event: 846.216 GC heap before
{Heap before GC invocations=78 (full 0):
 garbage-first heap   total 187392K, used 172317K [0x0000000080000000, 0x0000000100000000)
  region size 1024K, 13 young (13312K), 2 survivors (2048K)
 Metaspace       used 115332K, committed 116288K, reserved 1179648K
  class space    used 15455K, committed 15936K, reserved 1048576K
}
Event: 846.241 GC heap after
{Heap after GC invocations=79 (full 0):
 garbage-first heap   total 187392K, used 163644K [0x0000000080000000, 0x0000000100000000)
  region size 1024K, 2 young (2048K), 2 survivors (2048K)
 Metaspace       used 115332K, committed 116288K, reserved 1179648K
  class space    used 15455K, committed 15936K, reserved 1048576K
}
Event: 846.270 GC heap before
{Heap before GC invocations=79 (full 0):
 garbage-first heap   total 187392K, used 163644K [0x0000000080000000, 0x0000000100000000)
  region size 1024K, 3 young (3072K), 2 survivors (2048K)
 Metaspace       used 115352K, committed 116288K, reserved 1179648K
  class space    used 15458K, committed 15936K, reserved 1048576K
}
Event: 846.387 GC heap after
{Heap after GC invocations=80 (full 0):
 garbage-first heap   total 187392K, used 164694K [0x0000000080000000, 0x0000000100000000)
  region size 1024K, 1 young (1024K), 1 survivors (1024K)
 Metaspace       used 115352K, committed 116288K, reserved 1179648K
  class space    used 15458K, committed 15936K, reserved 1048576K
}
Event: 847.002 GC heap before
{Heap before GC invocations=80 (full 0):
 garbage-first heap   total 187392K, used 176982K [0x0000000080000000, 0x0000000100000000)
  region size 1024K, 5 young (5120K), 1 survivors (1024K)
 Metaspace       used 115649K, committed 116544K, reserved 1179648K
  class space    used 15491K, committed 15936K, reserved 1048576K
}
Event: 847.009 GC heap after
{Heap after GC invocations=81 (full 0):
 garbage-first heap   total 187392K, used 164881K [0x0000000080000000, 0x0000000100000000)
  region size 1024K, 1 young (1024K), 1 survivors (1024K)
 Metaspace       used 115649K, committed 116544K, reserved 1179648K
  class space    used 15491K, committed 15936K, reserved 1048576K
}
Event: 848.055 GC heap before
{Heap before GC invocations=81 (full 0):
 garbage-first heap   total 187392K, used 182289K [0x0000000080000000, 0x0000000100000000)
  region size 1024K, 5 young (5120K), 1 survivors (1024K)
 Metaspace       used 116013K, committed 116928K, reserved 1179648K
  class space    used 15546K, committed 16000K, reserved 1048576K
}
Event: 848.067 GC heap after
{Heap after GC invocations=82 (full 0):
 garbage-first heap   total 187392K, used 164963K [0x0000000080000000, 0x0000000100000000)
  region size 1024K, 1 young (1024K), 1 survivors (1024K)
 Metaspace       used 116013K, committed 116928K, reserved 1179648K
  class space    used 15546K, committed 16000K, reserved 1048576K
}

