# JRE version: OpenJDK Runtime Environment (17.0.10) (build 17.0.10+0--11572160)
# Java VM: OpenJDK 64-Bit Server VM (17.0.10+0--11572160, mixed mode, tiered, compressed oops, compressed class ptrs, g1 gc, windows-amd64)
GC Precious Log:
 CPUs: 8 total, 8 available
 Memory: 5877M
 Large Page Support: Disabled
 NUMA Support: Disabled
 Compressed Oops: Enabled (32-bit)
 Heap Region Size: 1M
 Heap Min Capacity: 8M
 Heap Initial Capacity: 92M
 Heap Max Capacity: 2G
 Pre-touch: Disabled
 Parallel Workers: 8
 Concurrent Workers: 2
 Concurrent Refinement Workers: 8
 Periodic GC: Disabled
Heap:
 garbage-first heap   total 128000K, used 74222K [0x0000000080000000, 0x0000000100000000)
  region size 1024K, 2 young (2048K), 2 survivors (2048K)
 Metaspace       used 72190K, committed 72768K, reserved 1114112K
  class space    used 9708K, committed 9984K, reserved 1048576K
GC Heap History (20 events):
Event: 60.117 GC heap after
{Heap after GC invocations=15 (full 0):
 garbage-first heap   total 123904K, used 63915K [0x0000000080000000, 0x0000000100000000)
  region size 1024K, 8 young (8192K), 8 survivors (8192K)
 Metaspace       used 58469K, committed 59072K, reserved 1114112K
  class space    used 7993K, committed 8256K, reserved 1048576K
}
Event: 60.159 GC heap before
{Heap before GC invocations=15 (full 0):
 garbage-first heap   total 123904K, used 64939K [0x0000000080000000, 0x0000000100000000)
  region size 1024K, 10 young (10240K), 8 survivors (8192K)
 Metaspace       used 58561K, committed 59136K, reserved 1114112K
  class space    used 7997K, committed 8256K, reserved 1048576K
}
Event: 60.179 GC heap after
{Heap after GC invocations=16 (full 0):
 garbage-first heap   total 123904K, used 65699K [0x0000000080000000, 0x0000000100000000)
  region size 1024K, 1 young (1024K), 1 survivors (1024K)
 Metaspace       used 58561K, committed 59136K, reserved 1114112K
  class space    used 7997K, committed 8256K, reserved 1048576K
}
Event: 66.211 GC heap before
{Heap before GC invocations=17 (full 0):
 garbage-first heap   total 123904K, used 98467K [0x0000000080000000, 0x0000000100000000)
  region size 1024K, 32 young (32768K), 1 survivors (1024K)
 Metaspace       used 61019K, committed 61632K, reserved 1114112K
  class space    used 8335K, committed 8640K, reserved 1048576K
}
Event: 66.217 GC heap after
{Heap after GC invocations=18 (full 0):
 garbage-first heap   total 123904K, used 67047K [0x0000000080000000, 0x0000000100000000)
  region size 1024K, 2 young (2048K), 2 survivors (2048K)
 Metaspace       used 61019K, committed 61632K, reserved 1114112K
  class space    used 8335K, committed 8640K, reserved 1048576K
}
Event: 66.539 GC heap before
{Heap before GC invocations=18 (full 0):
 garbage-first heap   total 123904K, used 71143K [0x0000000080000000, 0x0000000100000000)
  region size 1024K, 6 young (6144K), 2 survivors (2048K)
 Metaspace       used 61590K, committed 62208K, reserved 1114112K
  class space    used 8370K, committed 8640K, reserved 1048576K
}
Event: 66.542 GC heap after
{Heap after GC invocations=19 (full 0):
 garbage-first heap   total 123904K, used 66256K [0x0000000080000000, 0x0000000100000000)
  region size 1024K, 1 young (1024K), 1 survivors (1024K)
 Metaspace       used 61590K, committed 62208K, reserved 1114112K
  class space    used 8370K, committed 8640K, reserved 1048576K
}
Event: 68.253 GC heap before
{Heap before GC invocations=19 (full 0):
 garbage-first heap   total 123904K, used 99024K [0x0000000080000000, 0x0000000100000000)
  region size 1024K, 33 young (33792K), 1 survivors (1024K)
 Metaspace       used 65108K, committed 65664K, reserved 1114112K
  class space    used 8731K, committed 8960K, reserved 1048576K
}
Event: 68.264 GC heap after
{Heap after GC invocations=20 (full 0):
 garbage-first heap   total 123904K, used 66922K [0x0000000080000000, 0x0000000100000000)
  region size 1024K, 1 young (1024K), 1 survivors (1024K)
 Metaspace       used 65108K, committed 65664K, reserved 1114112K
  class space    used 8731K, committed 8960K, reserved 1048576K
}
Event: 70.988 GC heap before
{Heap before GC invocations=21 (full 0):
 garbage-first heap   total 123904K, used 104810K [0x0000000080000000, 0x0000000100000000)
  region size 1024K, 34 young (34816K), 1 survivors (1024K)
 Metaspace       used 68808K, committed 69376K, reserved 1114112K
  class space    used 9255K, committed 9536K, reserved 1048576K
}
Event: 71.017 GC heap after
{Heap after GC invocations=22 (full 0):
 garbage-first heap   total 123904K, used 73761K [0x0000000080000000, 0x0000000100000000)
  region size 1024K, 5 young (5120K), 5 survivors (5120K)
 Metaspace       used 68808K, committed 69376K, reserved 1114112K
  class space    used 9255K, committed 9536K, reserved 1048576K
}
Event: 71.024 GC heap before
{Heap before GC invocations=22 (full 0):
 garbage-first heap   total 123904K, used 74785K [0x0000000080000000, 0x0000000100000000)
  region size 1024K, 6 young (6144K), 5 survivors (5120K)
 Metaspace       used 68808K, committed 69376K, reserved 1114112K
  class space    used 9255K, committed 9536K, reserved 1048576K
}
Event: 71.073 GC heap after
{Heap after GC invocations=23 (full 0):
 garbage-first heap   total 123904K, used 73794K [0x0000000080000000, 0x0000000100000000)
  region size 1024K, 1 young (1024K), 1 survivors (1024K)
 Metaspace       used 68808K, committed 69376K, reserved 1114112K
  class space    used 9255K, committed 9536K, reserved 1048576K
}
Event: 71.127 GC heap before
{Heap before GC invocations=23 (full 0):
 garbage-first heap   total 123904K, used 77890K [0x0000000080000000, 0x0000000100000000)
  region size 1024K, 6 young (6144K), 1 survivors (1024K)
 Metaspace       used 68816K, committed 69376K, reserved 1114112K
  class space    used 9256K, committed 9536K, reserved 1048576K
}
Event: 71.130 GC heap after
{Heap after GC invocations=24 (full 0):
 garbage-first heap   total 123904K, used 75137K [0x0000000080000000, 0x0000000100000000)
  region size 1024K, 3 young (3072K), 3 survivors (3072K)
 Metaspace       used 68816K, committed 69376K, reserved 1114112K
  class space    used 9256K, committed 9536K, reserved 1048576K
}
Event: 72.865 GC heap before
{Heap before GC invocations=25 (full 0):
 garbage-first heap   total 128000K, used 92545K [0x0000000080000000, 0x0000000100000000)
  region size 1024K, 21 young (21504K), 3 survivors (3072K)
 Metaspace       used 70206K, committed 70848K, reserved 1114112K
  class space    used 9445K, committed 9728K, reserved 1048576K
}
Event: 72.869 GC heap after
{Heap after GC invocations=26 (full 0):
 garbage-first heap   total 128000K, used 73711K [0x0000000080000000, 0x0000000100000000)
  region size 1024K, 2 young (2048K), 2 survivors (2048K)
 Metaspace       used 70206K, committed 70848K, reserved 1114112K
  class space    used 9445K, committed 9728K, reserved 1048576K
}
Event: 73.116 GC heap before
{Heap before GC invocations=26 (full 0):
 garbage-first heap   total 128000K, used 77807K [0x0000000080000000, 0x0000000100000000)
  region size 1024K, 6 young (6144K), 2 survivors (2048K)
 Metaspace       used 70486K, committed 71168K, reserved 1114112K
  class space    used 9486K, committed 9792K, reserved 1048576K
}
Event: 73.129 GC heap after
{Heap after GC invocations=27 (full 0):
 garbage-first heap   total 128000K, used 73234K [0x0000000080000000, 0x0000000100000000)
  region size 1024K, 1 young (1024K), 1 survivors (1024K)
 Metaspace       used 70486K, committed 71168K, reserved 1114112K
  class space    used 9486K, committed 9792K, reserved 1048576K
}
Event: 75.932 GC heap before
{Heap before GC invocations=27 (full 0):
 garbage-first heap   total 128000K, used 96786K [0x0000000080000000, 0x0000000100000000)
  region size 1024K, 25 young (25600K), 1 survivors (1024K)
 Metaspace       used 72190K, committed 72768K, reserved 1114112K
  class space    used 9708K, committed 9984K, reserved 1048576K
}

